{
  "RSpec": {
    "coverage": {
      "/Users/sekimesatoshi/workspace/runteq/Portfolio/Dressing-for-2-years-old-child/spec/helpers/static_pages_helper_spec.rb": {
        "lines": [
          1,
          null,
          null,
          null,
          null,
          null,
          null,
          null,
          null,
          null,
          null,
          null,
          1,
          1,
          null
        ]
      },
      "/Users/sekimesatoshi/workspace/runteq/Portfolio/Dressing-for-2-years-old-child/spec/rails_helper.rb": {
        "lines": [
          null,
          1,
          1,
          1,
          null,
          1,
          1,
          null,
          null,
          null,
          null,
          null,
          null,
          null,
          null,
          null,
          null,
          null,
          null,
          null,
          null,
          null,
          3,
          null,
          null,
          null,
          null,
          1,
          null,
          0,
          null,
          1,
          null,
          1,
          null,
          null,
          null,
          null,
          1,
          null,
          null,
          null,
          null,
          null,
          null,
          null,
          null,
          null,
          null,
          null,
          null,
          null,
          null,
          null,
          null,
          null,
          1,
          null,
          null,
          1,
          null,
          null,
          1,
          null,
          1,
          null
        ]
      },
      "/Users/sekimesatoshi/workspace/runteq/Portfolio/Dressing-for-2-years-old-child/config/environment.rb": {
        "lines": [
          null,
          1,
          null,
          null,
          1
        ]
      },
      "/Users/sekimesatoshi/workspace/runteq/Portfolio/Dressing-for-2-years-old-child/config/application.rb": {
        "lines": [
          1,
          null,
          1,
          null,
          1,
          1,
          1,
          1,
          1,
          1,
          1,
          1,
          1,
          1,
          null,
          null,
          null,
          null,
          1,
          null,
          1,
          1,
          null,
          1,
          null,
          null,
          null,
          null,
          null,
          null,
          null,
          null,
          null,
          null,
          1,
          null,
          1,
          1,
          1,
          null,
          null,
          null,
          1,
          1,
          null,
          null,
          1,
          1,
          null,
          null
        ]
      },
      "/Users/sekimesatoshi/workspace/runteq/Portfolio/Dressing-for-2-years-old-child/config/boot.rb": {
        "lines": [
          1,
          null,
          1,
          1
        ]
      },
      "/Users/sekimesatoshi/workspace/runteq/Portfolio/Dressing-for-2-years-old-child/config/initializers/config.rb": {
        "lines": [
          1,
          null,
          0,
          null,
          null,
          null,
          null,
          null,
          null,
          null,
          null,
          null,
          null,
          null,
          null,
          null,
          null,
          null,
          null,
          null,
          null,
          null,
          null,
          null,
          null,
          null,
          null,
          null,
          0,
          null,
          null,
          null,
          null,
          null,
          null,
          null,
          null,
          null,
          null,
          null,
          null,
          null,
          null,
          null,
          null,
          null,
          null,
          null,
          null,
          null,
          null,
          null,
          null,
          null,
          null,
          null,
          null,
          null
        ]
      },
      "/Users/sekimesatoshi/workspace/runteq/Portfolio/Dressing-for-2-years-old-child/config/environments/test.rb": {
        "lines": [
          1,
          null,
          null,
          null,
          null,
          null,
          null,
          1,
          null,
          null,
          null,
          1,
          null,
          null,
          null,
          null,
          1,
          null,
          null,
          1,
          1,
          null,
          null,
          null,
          null,
          1,
          1,
          1,
          null,
          null,
          1,
          null,
          null,
          1,
          null,
          null,
          1,
          null,
          1,
          null,
          null,
          null,
          null,
          1,
          null,
          null,
          1,
          null,
          null,
          1,
          null,
          null,
          1,
          null,
          null,
          null,
          null,
          null,
          null,
          1,
          null
        ]
      },
      "/Users/sekimesatoshi/workspace/runteq/Portfolio/Dressing-for-2-years-old-child/config/initializers/assets.rb": {
        "lines": [
          null,
          null,
          null,
          1,
          null,
          null,
          null,
          1,
          null,
          null,
          null,
          null,
          null
        ]
      },
      "/Users/sekimesatoshi/workspace/runteq/Portfolio/Dressing-for-2-years-old-child/config/initializers/content_security_policy.rb": {
        "lines": [
          null,
          null,
          null,
          null,
          null,
          null,
          null,
          null,
          null,
          null,
          null,
          null,
          null,
          null,
          null,
          null,
          null,
          null,
          null,
          null,
          null,
          null,
          null,
          null,
          null
        ]
      },
      "/Users/sekimesatoshi/workspace/runteq/Portfolio/Dressing-for-2-years-old-child/config/initializers/filter_parameter_logging.rb": {
        "lines": [
          null,
          null,
          null,
          null,
          null,
          1,
          null,
          null
        ]
      },
      "/Users/sekimesatoshi/workspace/runteq/Portfolio/Dressing-for-2-years-old-child/config/initializers/inflections.rb": {
        "lines": [
          null,
          null,
          null,
          null,
          null,
          null,
          null,
          null,
          null,
          null,
          null,
          null,
          null,
          null,
          null,
          null
        ]
      },
      "/Users/sekimesatoshi/workspace/runteq/Portfolio/Dressing-for-2-years-old-child/config/initializers/kaminari_config.rb": {
        "lines": [
          null,
          null,
          1,
          null,
          null,
          null,
          null,
          null,
          null,
          null,
          null,
          null,
          null,
          null
        ]
      },
      "/Users/sekimesatoshi/workspace/runteq/Portfolio/Dressing-for-2-years-old-child/config/initializers/meta_tags.rb": {
        "lines": [
          1,
          null,
          null,
          null,
          null,
          null,
          null,
          null,
          null,
          null,
          null,
          null,
          null,
          null,
          null,
          null,
          null,
          null,
          null,
          null,
          null,
          null
        ]
      },
      "/Users/sekimesatoshi/workspace/runteq/Portfolio/Dressing-for-2-years-old-child/config/initializers/permissions_policy.rb": {
        "lines": [
          null,
          null,
          null,
          null,
          null,
          null,
          null,
          null,
          null,
          null,
          null
        ]
      },
      "/Users/sekimesatoshi/workspace/runteq/Portfolio/Dressing-for-2-years-old-child/config/initializers/sorcery.rb": {
        "lines": [
          null,
          null,
          null,
          null,
          null,
          null,
          1,
          null,
          null,
          1,
          null,
          null,
          null,
          null,
          null,
          null,
          null,
          null,
          null,
          null,
          null,
          null,
          null,
          null,
          null,
          null,
          null,
          null,
          null,
          null,
          null,
          null,
          null,
          null,
          null,
          null,
          null,
          null,
          null,
          null,
          null,
          null,
          null,
          null,
          null,
          null,
          null,
          null,
          null,
          null,
          null,
          null,
          null,
          null,
          null,
          null,
          null,
          null,
          null,
          null,
          null,
          null,
          null,
          null,
          null,
          null,
          null,
          null,
          null,
          null,
          null,
          null,
          null,
          null,
          null,
          null,
          null,
          null,
          null,
          null,
          null,
          null,
          null,
          null,
          null,
          null,
          null,
          null,
          null,
          null,
          null,
          null,
          null,
          null,
          null,
          null,
          null,
          null,
          null,
          null,
          null,
          null,
          null,
          null,
          null,
          null,
          null,
          null,
          null,
          null,
          null,
          null,
          null,
          null,
          null,
          null,
          null,
          null,
          null,
          null,
          null,
          null,
          null,
          null,
          null,
          null,
          null,
          null,
          null,
          null,
          null,
          null,
          null,
          null,
          null,
          null,
          null,
          null,
          null,
          null,
          null,
          null,
          null,
          null,
          null,
          null,
          null,
          null,
          null,
          null,
          null,
          null,
          null,
          null,
          null,
          null,
          null,
          null,
          null,
          null,
          null,
          null,
          null,
          null,
          null,
          null,
          null,
          null,
          null,
          null,
          null,
          null,
          null,
          null,
          null,
          null,
          null,
          null,
          null,
          null,
          null,
          null,
          null,
          null,
          null,
          null,
          null,
          null,
          null,
          null,
          null,
          null,
          null,
          null,
          null,
          null,
          null,
          null,
          null,
          null,
          null,
          null,
          null,
          null,
          null,
          null,
          null,
          null,
          null,
          null,
          null,
          null,
          null,
          null,
          null,
          null,
          null,
          null,
          null,
          null,
          null,
          null,
          null,
          null,
          null,
          null,
          null,
          null,
          null,
          null,
          null,
          null,
          null,
          null,
          null,
          null,
          null,
          null,
          null,
          null,
          null,
          null,
          null,
          2,
          null,
          null,
          null,
          null,
          null,
          null,
          null,
          null,
          null,
          null,
          null,
          null,
          null,
          null,
          null,
          null,
          null,
          null,
          null,
          null,
          null,
          null,
          null,
          null,
          null,
          null,
          null,
          null,
          null,
          null,
          null,
          null,
          null,
          null,
          null,
          null,
          null,
          null,
          null,
          1,
          null,
          null,
          null,
          null,
          null,
          null,
          null,
          null,
          null,
          null,
          null,
          null,
          null,
          null,
          null,
          null,
          null,
          null,
          null,
          null,
          null,
          null,
          null,
          null,
          null,
          null,
          null,
          null,
          null,
          null,
          null,
          null,
          null,
          null,
          null,
          null,
          null,
          null,
          null,
          null,
          null,
          null,
          null,
          null,
          null,
          null,
          null,
          null,
          null,
          null,
          null,
          null,
          null,
          null,
          null,
          null,
          null,
          null,
          null,
          null,
          null,
          null,
          null,
          null,
          null,
          null,
          null,
          null,
          null,
          null,
          null,
          null,
          null,
          null,
          null,
          null,
          null,
          null,
          null,
          null,
          null,
          null,
          null,
          null,
          null,
          null,
          null,
          null,
          null,
          null,
          null,
          null,
          null,
          null,
          null,
          null,
          null,
          null,
          null,
          null,
          null,
          null,
          null,
          null,
          null,
          null,
          null,
          null,
          null,
          null,
          null,
          null,
          null,
          null,
          null,
          null,
          null,
          null,
          null,
          1,
          null,
          null,
          null,
          null,
          null,
          null,
          null,
          null,
          null,
          null,
          null,
          null,
          null,
          null,
          null,
          null,
          null,
          null,
          null,
          null,
          null,
          null,
          null,
          null,
          null,
          null,
          null,
          null,
          null,
          null,
          null,
          null,
          null,
          null,
          null,
          null,
          null,
          null,
          null,
          null,
          null,
          null,
          null,
          null,
          null,
          null,
          null,
          null,
          null,
          null,
          null,
          null,
          null,
          null,
          null,
          null,
          null,
          null,
          null,
          null,
          null,
          null,
          null,
          null,
          null,
          null,
          null,
          null,
          null,
          null,
          null,
          null,
          null,
          null,
          null,
          null,
          null,
          null,
          null,
          null,
          null,
          null,
          null,
          null,
          null,
          null,
          null,
          null,
          null,
          null,
          null,
          null,
          null,
          null,
          null,
          null,
          null,
          null,
          null,
          null,
          null,
          null,
          null,
          null,
          null,
          null,
          null,
          null,
          null,
          null,
          null,
          null,
          null,
          null,
          null,
          null,
          null,
          null,
          null,
          null,
          null,
          null,
          null,
          null,
          null,
          null,
          null,
          null,
          null,
          null,
          null,
          null,
          null,
          null,
          null,
          null,
          null,
          null,
          null,
          null,
          null,
          null,
          null,
          null,
          null,
          null,
          null,
          null,
          null,
          null,
          null,
          null,
          null,
          null,
          null,
          null,
          null,
          null,
          null,
          null,
          2,
          null
        ]
      },
      "/Users/sekimesatoshi/workspace/runteq/Portfolio/Dressing-for-2-years-old-child/spec/factories/bookmarks.rb": {
        "lines": [
          1,
          1,
          1,
          1,
          null,
          null
        ]
      },
      "/Users/sekimesatoshi/workspace/runteq/Portfolio/Dressing-for-2-years-old-child/spec/factories/categories.rb": {
        "lines": [
          1,
          1,
          22,
          null,
          null
        ]
      },
      "/Users/sekimesatoshi/workspace/runteq/Portfolio/Dressing-for-2-years-old-child/spec/factories/comments.rb": {
        "lines": [
          1,
          1,
          1,
          1,
          1,
          null,
          null
        ]
      },
      "/Users/sekimesatoshi/workspace/runteq/Portfolio/Dressing-for-2-years-old-child/spec/factories/likes.rb": {
        "lines": [
          1,
          1,
          1,
          1,
          null,
          null
        ]
      },
      "/Users/sekimesatoshi/workspace/runteq/Portfolio/Dressing-for-2-years-old-child/spec/factories/post_tags.rb": {
        "lines": [
          1,
          1,
          1,
          1,
          null,
          null
        ]
      },
      "/Users/sekimesatoshi/workspace/runteq/Portfolio/Dressing-for-2-years-old-child/spec/factories/posts.rb": {
        "lines": [
          1,
          1,
          20,
          20,
          21,
          1,
          null,
          null
        ]
      },
      "/Users/sekimesatoshi/workspace/runteq/Portfolio/Dressing-for-2-years-old-child/spec/factories/tags.rb": {
        "lines": [
          1,
          1,
          1,
          null,
          null
        ]
      },
      "/Users/sekimesatoshi/workspace/runteq/Portfolio/Dressing-for-2-years-old-child/spec/factories/users.rb": {
        "lines": [
          1,
          1,
          44,
          43,
          45,
          45,
          null,
          null
        ]
      },
      "/Users/sekimesatoshi/workspace/runteq/Portfolio/Dressing-for-2-years-old-child/config/routes.rb": {
        "lines": [
          1,
          1,
          1,
          1,
          1,
          null,
          1,
          1,
          1,
          1,
          null,
          1,
          null,
          1,
          1,
          1,
          1,
          null,
          null,
          1,
          1,
          1,
          1,
          null,
          null
        ]
      },
      "/Users/sekimesatoshi/workspace/runteq/Portfolio/Dressing-for-2-years-old-child/app/helpers/application_helper.rb": {
        "lines": [
          1,
          1,
          null,
          85,
          null,
          null,
          null,
          null,
          null,
          null,
          null,
          null,
          null,
          null,
          null,
          null,
          null,
          null,
          null,
          null,
          null,
          null,
          null,
          null,
          null,
          null,
          null,
          null,
          null
        ]
      },
      "/Users/sekimesatoshi/workspace/runteq/Portfolio/Dressing-for-2-years-old-child/app/helpers/static_pages_helper.rb": {
        "lines": [
          1,
          null
        ]
      },
      "/Users/sekimesatoshi/workspace/runteq/Portfolio/Dressing-for-2-years-old-child/spec/support/capybara.rb": {
        "lines": [
          1,
          1,
          29,
          null,
          null
        ]
      },
      "/Users/sekimesatoshi/workspace/runteq/Portfolio/Dressing-for-2-years-old-child/spec/support/login_macros.rb": {
        "lines": [
          1,
          1,
          16,
          16,
          16,
          16,
          16,
          16,
          null,
          null
        ]
      },
      "/Users/sekimesatoshi/workspace/runteq/Portfolio/Dressing-for-2-years-old-child/spec/mailers/user_mailer_spec.rb": {
        "lines": [
          1,
          null,
          1,
          1,
          1,
          null,
          1,
          0,
          0,
          0,
          null,
          null,
          1,
          0,
          null,
          null,
          null,
          null
        ]
      },
      "/Users/sekimesatoshi/workspace/runteq/Portfolio/Dressing-for-2-years-old-child/app/mailers/user_mailer.rb": {
        "lines": [
          1,
          null,
          1,
          0,
          0,
          0,
          null,
          null
        ]
      },
      "/Users/sekimesatoshi/workspace/runteq/Portfolio/Dressing-for-2-years-old-child/app/mailers/application_mailer.rb": {
        "lines": [
          1,
          1,
          1,
          null
        ]
      },
      "/Users/sekimesatoshi/workspace/runteq/Portfolio/Dressing-for-2-years-old-child/spec/models/bookmark_spec.rb": {
        "lines": [
          1,
          null,
          1,
          1,
          null
        ]
      },
      "/Users/sekimesatoshi/workspace/runteq/Portfolio/Dressing-for-2-years-old-child/app/models/bookmark.rb": {
        "lines": [
          1,
          1,
          1,
          null,
          1,
          null
        ]
      },
      "/Users/sekimesatoshi/workspace/runteq/Portfolio/Dressing-for-2-years-old-child/app/models/application_record.rb": {
        "lines": [
          1,
          1,
          null
        ]
      },
      "/Users/sekimesatoshi/workspace/runteq/Portfolio/Dressing-for-2-years-old-child/spec/models/category_spec.rb": {
        "lines": [
          1,
          null,
          1,
          1,
          null
        ]
      },
      "/Users/sekimesatoshi/workspace/runteq/Portfolio/Dressing-for-2-years-old-child/app/models/category.rb": {
        "lines": [
          1,
          1,
          1,
          null,
          1,
          null
        ]
      },
      "/Users/sekimesatoshi/workspace/runteq/Portfolio/Dressing-for-2-years-old-child/spec/models/comment_spec.rb": {
        "lines": [
          1,
          null,
          1,
          1,
          null
        ]
      },
      "/Users/sekimesatoshi/workspace/runteq/Portfolio/Dressing-for-2-years-old-child/app/models/comment.rb": {
        "lines": [
          1,
          1,
          1,
          null,
          1,
          null
        ]
      },
      "/Users/sekimesatoshi/workspace/runteq/Portfolio/Dressing-for-2-years-old-child/spec/models/like_spec.rb": {
        "lines": [
          1,
          null,
          1,
          1,
          null
        ]
      },
      "/Users/sekimesatoshi/workspace/runteq/Portfolio/Dressing-for-2-years-old-child/app/models/like.rb": {
        "lines": [
          1,
          1,
          1,
          null
        ]
      },
      "/Users/sekimesatoshi/workspace/runteq/Portfolio/Dressing-for-2-years-old-child/spec/models/post_spec.rb": {
        "lines": [
          1,
          null,
          1,
          1,
          1,
          1,
          1,
          1,
          null,
          1,
          1,
          1,
          1,
          null,
          1,
          1,
          1,
          1,
          null,
          1,
          1,
          1,
          1,
          null,
          1,
          1,
          1,
          1,
          null,
          1,
          1,
          1,
          1,
          null,
          1,
          1,
          1,
          1,
          null,
          1,
          1,
          1,
          1,
          null,
          1,
          1,
          1,
          1,
          null,
          null,
          null
        ]
      },
      "/Users/sekimesatoshi/workspace/runteq/Portfolio/Dressing-for-2-years-old-child/app/models/post.rb": {
        "lines": [
          1,
          1,
          1,
          1,
          1,
          1,
          1,
          1,
          null,
          1,
          1,
          1,
          null,
          1,
          1,
          1,
          1,
          4,
          null,
          1,
          null,
          3,
          3,
          0,
          3,
          0,
          null,
          null,
          null,
          null,
          1,
          12,
          24,
          12,
          null,
          0,
          null,
          12,
          null,
          null,
          1,
          0,
          null,
          null,
          null,
          null
        ]
      },
      "/Users/sekimesatoshi/workspace/runteq/Portfolio/Dressing-for-2-years-old-child/spec/models/post_tag_spec.rb": {
        "lines": [
          1,
          null,
          1,
          1,
          null
        ]
      },
      "/Users/sekimesatoshi/workspace/runteq/Portfolio/Dressing-for-2-years-old-child/app/models/post_tag.rb": {
        "lines": [
          1,
          1,
          1,
          null,
          1,
          null
        ]
      },
      "/Users/sekimesatoshi/workspace/runteq/Portfolio/Dressing-for-2-years-old-child/spec/models/tag_spec.rb": {
        "lines": [
          1,
          null,
          1,
          1,
          null
        ]
      },
      "/Users/sekimesatoshi/workspace/runteq/Portfolio/Dressing-for-2-years-old-child/app/models/tag.rb": {
        "lines": [
          1,
          1,
          1,
          null,
          1,
          null,
          null,
          1,
          22,
          null,
          null,
          null
        ]
      },
      "/Users/sekimesatoshi/workspace/runteq/Portfolio/Dressing-for-2-years-old-child/spec/models/user_spec.rb": {
        "lines": [
          1,
          null,
          1,
          2,
          null,
          1,
          1,
          1,
          1,
          1,
          null,
          null,
          1,
          1,
          1,
          1,
          null,
          null,
          1,
          1,
          1,
          null,
          null,
          1,
          1,
          1,
          1,
          null,
          null,
          1,
          1,
          1,
          1,
          null,
          null,
          1,
          1,
          1,
          1,
          null,
          null,
          1,
          1,
          1,
          1,
          1,
          null,
          null,
          1,
          1,
          1,
          1,
          null,
          null,
          1,
          1,
          1,
          1,
          null,
          null,
          1,
          1,
          1,
          1,
          null,
          null,
          1,
          1,
          1,
          1,
          null,
          null,
          null
        ]
      },
      "/Users/sekimesatoshi/workspace/runteq/Portfolio/Dressing-for-2-years-old-child/app/models/user.rb": {
        "lines": [
          1,
          1,
          null,
          41,
          41,
          41,
          null,
          1,
          1,
          null,
          1,
          null,
          1,
          1,
          null,
          1,
          1,
          null,
          1,
          null,
          null,
          1,
          null,
          null,
          null,
          null,
          null,
          null,
          null,
          null,
          null,
          null,
          null,
          null,
          null,
          null,
          null,
          null,
          null,
          null,
          1,
          null,
          null,
          null,
          null,
          null,
          1,
          3,
          null,
          null,
          1,
          1,
          null,
          null,
          1,
          0,
          null,
          null,
          1,
          0,
          null,
          null,
          1,
          1,
          null,
          null
        ]
      },
      "/Users/sekimesatoshi/workspace/runteq/Portfolio/Dressing-for-2-years-old-child/spec/requests/bookmark_spec.rb": {
        "lines": [
          1,
          null,
          1,
          1,
          1,
          null,
          null
        ]
      },
      "/Users/sekimesatoshi/workspace/runteq/Portfolio/Dressing-for-2-years-old-child/spec/requests/comments_spec.rb": {
        "lines": [
          1,
          null,
          1,
          1,
          1,
          null,
          null
        ]
      },
      "/Users/sekimesatoshi/workspace/runteq/Portfolio/Dressing-for-2-years-old-child/spec/requests/likes_spec.rb": {
        "lines": [
          1,
          null,
          1,
          1,
          1,
          null,
          null
        ]
      },
      "/Users/sekimesatoshi/workspace/runteq/Portfolio/Dressing-for-2-years-old-child/spec/requests/password_resets_spec.rb": {
        "lines": [
          1,
          null,
          1,
          1,
          1,
          1,
          1,
          null,
          null,
          null,
          1,
          1,
          1,
          0,
          null,
          null,
          null,
          1,
          1,
          1,
          0,
          null,
          null,
          null,
          1,
          1,
          1,
          0,
          null,
          null,
          null,
          null
        ]
      },
      "/Users/sekimesatoshi/workspace/runteq/Portfolio/Dressing-for-2-years-old-child/spec/requests/posts_spec.rb": {
        "lines": [
          1,
          null,
          1,
          1,
          1,
          0,
          0,
          null,
          null,
          null,
          1,
          1,
          0,
          0,
          null,
          null,
          null,
          1,
          1,
          0,
          0,
          null,
          null,
          null,
          1,
          1,
          0,
          0,
          null,
          null,
          null
        ]
      },
      "/Users/sekimesatoshi/workspace/runteq/Portfolio/Dressing-for-2-years-old-child/spec/requests/profiles_spec.rb": {
        "lines": [
          1,
          null,
          1,
          1,
          1,
          null,
          null
        ]
      },
      "/Users/sekimesatoshi/workspace/runteq/Portfolio/Dressing-for-2-years-old-child/spec/requests/static_pages_spec.rb": {
        "lines": [
          1,
          null,
          1,
          1,
          1,
          1,
          1,
          null,
          null,
          null
        ]
      },
      "/Users/sekimesatoshi/workspace/runteq/Portfolio/Dressing-for-2-years-old-child/spec/requests/user_sessions_spec.rb": {
        "lines": [
          1,
          null,
          1,
          1,
          1,
          1,
          1,
          null,
          null,
          null
        ]
      },
      "/Users/sekimesatoshi/workspace/runteq/Portfolio/Dressing-for-2-years-old-child/spec/requests/users_spec.rb": {
        "lines": [
          1,
          null,
          1,
          1,
          1,
          1,
          1,
          null,
          null,
          null
        ]
      },
      "/Users/sekimesatoshi/workspace/runteq/Portfolio/Dressing-for-2-years-old-child/spec/system/posts_spec.rb": {
        "lines": [
          1,
          null,
          1,
          16,
          5,
          22,
          null,
          null,
          null,
          1,
          1,
          1,
          1,
          1,
          1,
          null,
          null,
          null,
          1,
          1,
          1,
          1,
          1,
          null,
          null,
          null,
          1,
          1,
          1,
          1,
          1,
          null,
          null,
          null,
          1,
          1,
          1,
          1,
          1,
          null,
          null,
          null,
          1,
          1,
          1,
          1,
          1,
          null,
          null,
          1,
          1,
          1,
          1,
          1,
          null,
          null,
          null,
          null,
          1,
          1,
          15,
          null,
          null,
          1,
          7,
          1,
          1,
          1,
          1,
          1,
          1,
          1,
          1,
          1,
          null,
          1,
          1,
          1,
          1,
          1,
          1,
          1,
          1,
          1,
          1,
          null,
          1,
          1,
          1,
          1,
          1,
          1,
          1,
          1,
          1,
          1,
          null,
          null,
          1,
          1,
          1,
          1,
          1,
          1,
          1,
          1,
          1,
          1,
          null,
          1,
          1,
          1,
          1,
          1,
          1,
          1,
          1,
          1,
          1,
          null,
          1,
          1,
          1,
          1,
          1,
          1,
          1,
          1,
          1,
          1,
          null,
          null,
          null,
          1,
          7,
          7,
          null,
          1,
          1,
          1,
          1,
          1,
          1,
          1,
          1,
          1,
          null,
          1,
          1,
          1,
          1,
          1,
          1,
          1,
          1,
          1,
          1,
          null,
          1,
          1,
          1,
          1,
          1,
          1,
          1,
          1,
          1,
          1,
          null,
          1,
          1,
          1,
          1,
          1,
          1,
          1,
          1,
          1,
          1,
          null,
          1,
          1,
          1,
          1,
          1,
          1,
          1,
          1,
          1,
          1,
          null,
          1,
          1,
          1,
          1,
          1,
          1,
          1,
          1,
          1,
          1,
          null,
          null,
          null,
          null,
          null,
          1,
          2,
          2,
          null,
          1,
          1,
          1,
          1,
          null,
          null,
          null,
          1,
          3,
          null,
          1,
          1,
          1,
          null,
          1,
          null,
          1,
          null,
          1,
          1,
          0,
          0,
          null,
          0,
          null,
          null,
          1,
          1,
          1,
          1,
          1,
          1,
          1,
          1,
          1,
          1,
          null,
          null,
          null,
          null,
          null,
          null,
          null
        ]
      },
      "/Users/sekimesatoshi/workspace/runteq/Portfolio/Dressing-for-2-years-old-child/spec/system/user_sessions_spec.rb": {
        "lines": [
          1,
          null,
          1,
          4,
          null,
          1,
          1,
          1,
          1,
          1,
          1,
          1,
          1,
          1,
          null,
          null,
          1,
          1,
          1,
          1,
          1,
          null,
          null,
          null,
          1,
          1,
          1,
          1,
          1,
          1,
          1,
          1,
          null,
          null,
          1,
          1,
          1,
          1,
          1,
          1,
          1,
          null,
          null,
          null,
          null,
          1,
          1,
          1,
          1,
          1,
          1,
          null,
          null,
          null
        ]
      },
      "/Users/sekimesatoshi/workspace/runteq/Portfolio/Dressing-for-2-years-old-child/spec/system/users_spec.rb": {
        "lines": [
          1,
          null,
          1,
          1,
          null,
          2,
          null,
          1,
          null,
          1,
          1,
          1,
          1,
          1,
          1,
          1,
          1,
          1,
          null,
          null,
          null,
          1,
          1,
          1,
          1,
          1,
          1,
          1,
          4,
          1,
          1,
          1,
          null,
          null,
          1,
          1,
          1,
          1,
          1,
          1,
          4,
          1,
          1,
          1,
          null,
          null,
          null,
          null
        ]
      },
      "/Users/sekimesatoshi/workspace/runteq/Portfolio/Dressing-for-2-years-old-child/spec/views/password_resets/create.html.erb_spec.rb": {
        "lines": [
          1,
          null,
          1,
          1,
          null
        ]
      },
      "/Users/sekimesatoshi/workspace/runteq/Portfolio/Dressing-for-2-years-old-child/spec/views/password_resets/edit.html.erb_spec.rb": {
        "lines": [
          1,
          null,
          1,
          1,
          null
        ]
      },
      "/Users/sekimesatoshi/workspace/runteq/Portfolio/Dressing-for-2-years-old-child/spec/views/password_resets/new.html.erb_spec.rb": {
        "lines": [
          1,
          null,
          1,
          1,
          null
        ]
      },
      "/Users/sekimesatoshi/workspace/runteq/Portfolio/Dressing-for-2-years-old-child/spec/views/password_resets/update.html.erb_spec.rb": {
        "lines": [
          1,
          null,
          1,
          1,
          null
        ]
      },
      "/Users/sekimesatoshi/workspace/runteq/Portfolio/Dressing-for-2-years-old-child/spec/views/posts/edit.html.erb_spec.rb": {
        "lines": [
          1,
          null,
          1,
          1,
          null
        ]
      },
      "/Users/sekimesatoshi/workspace/runteq/Portfolio/Dressing-for-2-years-old-child/spec/views/posts/index.html.erb_spec.rb": {
        "lines": [
          1,
          null,
          1,
          1,
          null
        ]
      },
      "/Users/sekimesatoshi/workspace/runteq/Portfolio/Dressing-for-2-years-old-child/spec/views/posts/new.html.erb_spec.rb": {
        "lines": [
          1,
          null,
          1,
          1,
          null
        ]
      },
      "/Users/sekimesatoshi/workspace/runteq/Portfolio/Dressing-for-2-years-old-child/spec/views/posts/show.html.erb_spec.rb": {
        "lines": [
          1,
          null,
          1,
          1,
          null
        ]
      },
      "/Users/sekimesatoshi/workspace/runteq/Portfolio/Dressing-for-2-years-old-child/spec/views/static_pages/top.html.erb_spec.rb": {
        "lines": [
          1,
          null,
          1,
          1,
          null
        ]
      },
      "/Users/sekimesatoshi/workspace/runteq/Portfolio/Dressing-for-2-years-old-child/spec/views/user_sessions/new.html.erb_spec.rb": {
        "lines": [
          1,
          null,
          1,
          1,
          null
        ]
      },
      "/Users/sekimesatoshi/workspace/runteq/Portfolio/Dressing-for-2-years-old-child/spec/views/users/new.html.erb_spec.rb": {
        "lines": [
          1,
          null,
          1,
          1,
          null
        ]
      },
      "/Users/sekimesatoshi/workspace/runteq/Portfolio/Dressing-for-2-years-old-child/app/controllers/password_resets_controller.rb": {
        "lines": [
          1,
          1,
          null,
          1,
          null,
          1,
          0,
          0,
          0,
          null,
          null,
          1,
          0,
          0,
          0,
          null,
          null,
          1,
          0,
          0,
          0,
          0,
          null,
          0,
          0,
          null,
          0,
          0,
          null,
          null,
          null
        ]
      },
      "/Users/sekimesatoshi/workspace/runteq/Portfolio/Dressing-for-2-years-old-child/app/controllers/application_controller.rb": {
        "lines": [
          1,
          1,
          1,
          1,
          null,
          1,
          null,
          1,
          109,
          null,
          null,
          1,
          109,
          null,
          null,
          1,
          6,
          6,
          null,
          null
        ]
      },
      "/Users/sekimesatoshi/workspace/runteq/Portfolio/Dressing-for-2-years-old-child/app/form/search_posts_form.rb": {
        "lines": [
          1,
          1,
          1,
          null,
          1,
          null,
          1,
          0,
          0,
          0,
          null,
          null
        ]
      },
      "/Users/sekimesatoshi/workspace/runteq/Portfolio/Dressing-for-2-years-old-child/app/controllers/static_pages_controller.rb": {
        "lines": [
          1,
          1,
          1,
          3,
          null,
          null,
          1,
          null,
          1,
          null
        ]
      },
      "/Users/sekimesatoshi/workspace/runteq/Portfolio/Dressing-for-2-years-old-child/app/controllers/user_sessions_controller.rb": {
        "lines": [
          1,
          1,
          null,
          1,
          null,
          1,
          19,
          null,
          19,
          null,
          17,
          null,
          2,
          2,
          null,
          null,
          null,
          1,
          1,
          null,
          null,
          null,
          null,
          null,
          null,
          null,
          1,
          1,
          null,
          null,
          null,
          1,
          1,
          1,
          null,
          null
        ]
      },
      "/Users/sekimesatoshi/workspace/runteq/Portfolio/Dressing-for-2-years-old-child/app/controllers/users_controller.rb": {
        "lines": [
          1,
          1,
          1,
          4,
          null,
          null,
          1,
          3,
          3,
          1,
          null,
          2,
          2,
          null,
          null,
          null,
          1,
          null,
          1,
          3,
          null,
          null
        ]
      },
      "/Users/sekimesatoshi/workspace/runteq/Portfolio/Dressing-for-2-years-old-child/app/controllers/posts_controller.rb": {
        "lines": [
          1,
          1,
          null,
          1,
          22,
          0,
          22,
          0,
          null,
          22,
          null,
          22,
          22,
          null,
          null,
          1,
          6,
          6,
          6,
          null,
          null,
          1,
          6,
          6,
          6,
          0,
          null,
          6,
          6,
          null,
          null,
          null,
          1,
          1,
          1,
          1,
          null,
          null,
          1,
          6,
          null,
          null,
          1,
          6,
          6,
          6,
          0,
          null,
          6,
          6,
          null,
          null,
          null,
          1,
          2,
          2,
          null,
          null,
          1,
          0,
          null,
          null,
          1,
          null,
          1,
          12,
          null,
          null,
          1,
          null,
          15,
          1,
          1,
          null,
          null,
          null
        ]
      },
      "/Users/sekimesatoshi/workspace/runteq/Portfolio/Dressing-for-2-years-old-child/app/controllers/bookmarks_controller.rb": {
        "lines": [
          1,
          null,
          1,
          0,
          null,
          null,
          1,
          0,
          0,
          null,
          null,
          null,
          1,
          0,
          0,
          null,
          null
        ]
      },
      "/Users/sekimesatoshi/workspace/runteq/Portfolio/Dressing-for-2-years-old-child/app/controllers/profiles_controller.rb": {
        "lines": [
          1,
          1,
          null,
          1,
          null,
          1,
          0,
          0,
          null,
          0,
          0,
          null,
          null,
          null,
          1,
          null,
          1,
          null,
          1,
          0,
          null,
          null,
          1,
          0,
          null,
          null
        ]
      }
    },
    "timestamp": 1679889222
  }
}
